[23:43:34] [ServerMain/INFO]: [bootstrap] Running Java 22 (Java HotSpot(TM) 64-Bit Server VM 22.0.2+9-70; Oracle Corporation null) on Windows 10 10.0 (amd64)
[23:43:34] [ServerMain/INFO]: [bootstrap] Loading Paper 1.21-130-master@b1b5d4c (2024-08-10T10:02:42Z) for Minecraft 1.21
[23:43:35] [ServerMain/INFO]: [PluginInitializerManager] Initializing plugins...
[23:43:38] [ServerMain/INFO]: [PluginInitializerManager] Initialized 8 plugins
[23:43:38] [ServerMain/INFO]: [PluginInitializerManager] Paper plugins (1):
 - HuskHomes (4.8.3)
[23:43:38] [ServerMain/INFO]: [PluginInitializerManager] Bukkit plugins (7):
 - ChainMining (1.0.9), DuelTime (3.1.3), GSit (1.13.0), LevelledMobs (4.2.0.1 b93), LuckPerms (5.4.152), PlayerDoll (2.3), SkinsRestorer (15.5.1)
[23:43:45] [ServerMain/INFO]: Environment: Environment[sessionHost=https://sessionserver.mojang.com, servicesHost=https://api.minecraftservices.com, name=PROD]
[23:43:49] [ServerMain/INFO]: Loaded 1290 recipes
[23:43:49] [ServerMain/INFO]: Loaded 1399 advancements
[23:43:50] [Server thread/INFO]: Starting minecraft server version 1.21
[23:43:50] [Server thread/INFO]: Loading properties
[23:43:50] [Server thread/INFO]: This server is running Paper version 1.21-130-master@b1b5d4c (2024-08-10T10:02:42Z) (Implementing API version 1.21-R0.1-SNAPSHOT)
[23:43:52] [Server thread/INFO]: [spark] This server bundles the spark profiler. For more information please visit https://docs.papermc.io/paper/profiling
[23:43:52] [Server thread/INFO]: Server Ping Player Sample Count: 12
[23:43:52] [Server thread/INFO]: Using 4 threads for Netty based IO
[23:43:52] [Server thread/INFO]: [ChunkTaskScheduler] Chunk system is using 1 I/O threads, 2 worker threads, and population gen parallelism of 2 threads
[23:43:53] [Server thread/INFO]: Default game type: SURVIVAL
[23:43:53] [Server thread/INFO]: Generating keypair
[23:43:53] [Server thread/INFO]: Starting Minecraft server on *:25565
[23:43:53] [Server thread/INFO]: Using default channel type
[23:43:53] [Server thread/INFO]: Paper: Using Java compression from Velocity.
[23:43:53] [Server thread/INFO]: Paper: Using Java cipher from Velocity.
[23:43:58] [Server thread/INFO]: [ChainMining] Loading server plugin ChainMining v1.0.9
[23:43:58] [Server thread/INFO]: [SkinsRestorer] Loading server plugin SkinsRestorer v15.5.1
[23:43:58] [Server thread/INFO]: [PlayerDoll] Loading server plugin PlayerDoll v2.3
[23:43:58] [Server thread/INFO]: [LuckPerms] Loading server plugin LuckPerms v5.4.152
[23:43:59] [Server thread/INFO]: [LevelledMobs] Loading server plugin LevelledMobs v4.2.0.1 b93
[23:43:59] [Server thread/INFO]: [LevelledMobs] Loading commands
[23:44:00] [Server thread/INFO]: [HuskHomes] Loading server plugin HuskHomes v4.8.3
[23:44:00] [Server thread/INFO]: [HuskHomes] Registered 'on_load' hooks
[23:44:00] [Server thread/INFO]: [HuskHomes] Successfully loaded HuskHomes v4.8.3
[23:44:00] [Server thread/INFO]: [GSit] Loading server plugin GSit v1.13.0
[23:44:01] [Server thread/INFO]: [DuelTime] Loading server plugin DuelTime v3.1.3
[23:44:01] [Server thread/INFO]: Server permissions file permissions.yml is empty, ignoring it
[23:44:01] [Server thread/INFO]: [SkinsRestorer] Enabling SkinsRestorer v15.5.1
[23:44:03] [Server thread/WARN]: [SkinsRestorer] You must agree to the rules at 'commands.perSkinPermissionsConsent' in the config to use per skin permissions.
[23:44:04] [Server thread/INFO]: [SkinsRestorer] Running on Minecraft 1.21.0.
[23:44:07] [Server thread/INFO]: [SkinsRestorer] Using paper join listener!
[23:44:07] [Server thread/INFO]: [LuckPerms] Enabling LuckPerms v5.4.152
[23:44:07] [Server thread/INFO]:         __    
[23:44:07] [Server thread/INFO]:   |    |__)   LuckPerms v5.4.152
[23:44:07] [Server thread/INFO]:   |___ |      Running on Bukkit - Paper
[23:44:07] [Server thread/INFO]: 
[23:44:07] [Server thread/INFO]: [LuckPerms] Loading configuration...
[23:44:08] [Server thread/INFO]: [LuckPerms] Loading storage provider... [H2]
[23:44:08] [Folia Async Scheduler Thread #1/INFO]: [SkinsRestorer] ----------------------------------------------
[23:44:08] [Folia Async Scheduler Thread #1/INFO]: [SkinsRestorer]     +==================+
[23:44:08] [Folia Async Scheduler Thread #1/INFO]: [SkinsRestorer]     |   SkinsRestorer  |
[23:44:08] [Folia Async Scheduler Thread #1/INFO]: [SkinsRestorer]     |------------------|
[23:44:08] [Folia Async Scheduler Thread #1/INFO]: [SkinsRestorer]     |  Standalone Mode |
[23:44:08] [Folia Async Scheduler Thread #1/INFO]: [SkinsRestorer]     +==================+
[23:44:08] [Folia Async Scheduler Thread #1/INFO]: [SkinsRestorer] ----------------------------------------------
[23:44:08] [Folia Async Scheduler Thread #1/INFO]: [SkinsRestorer]     Version: 15.5.1
[23:44:08] [Folia Async Scheduler Thread #1/INFO]: [SkinsRestorer]     Commit: d5d8613
[23:44:08] [Folia Async Scheduler Thread #1/INFO]: [SkinsRestorer]     This is the latest version!
[23:44:08] [Folia Async Scheduler Thread #1/INFO]: [SkinsRestorer] ----------------------------------------------
[23:44:08] [Folia Async Scheduler Thread #1/INFO]: [SkinsRestorer] Do you have issues? Read our troubleshooting guide: https://skinsrestorer.net/docs/troubleshooting
[23:44:08] [Folia Async Scheduler Thread #1/INFO]: [SkinsRestorer] Want to support SkinsRestorer? Consider donating: https://skinsrestorer.net/donate
[23:44:09] [Server thread/INFO]: [LuckPerms] Loading internal permission managers...
[23:44:09] [Server thread/INFO]: [LuckPerms] Performing initial data load...
[23:44:09] [Server thread/INFO]: [LuckPerms] Successfully enabled. (took 2029ms)
[23:44:09] [Server thread/WARN]: **** SERVER IS RUNNING IN OFFLINE/INSECURE MODE!
[23:44:09] [Server thread/WARN]: The server will make no attempt to authenticate usernames. Beware.
[23:44:09] [Server thread/WARN]: While this makes the game possible to play without internet access, it also opens up the ability for hackers to connect with any username they choose.
[23:44:09] [Server thread/WARN]: To change this, set "online-mode" to "true" in the server.properties file.
[23:44:09] [Server thread/INFO]: Preparing level "world"
[23:44:10] [Server thread/INFO]: [STDOUT] [org.bukkit.craftbukkit.CraftServer] World world_nether is a duplicate of another world and has been prevented from loading. Please delete the uid.dat file from world_nether's world directory if you want to be able to load the duplicate world.
[23:44:10] [Server thread/INFO]: [STDOUT] [org.bukkit.craftbukkit.CraftServer] World world_the_end is a duplicate of another world and has been prevented from loading. Please delete the uid.dat file from world_the_end's world directory if you want to be able to load the duplicate world.
[23:44:10] [Server thread/INFO]: Preparing start region for dimension minecraft:overworld
[23:44:12] [Server thread/INFO]: Time elapsed: 1673 ms
[23:44:12] [Server thread/INFO]: Preparing start region for dimension minecraft:the_nether
[23:44:12] [Server thread/INFO]: Time elapsed: 225 ms
[23:44:12] [Server thread/INFO]: Preparing start region for dimension minecraft:the_end
[23:44:12] [Server thread/INFO]: Time elapsed: 119 ms
[23:44:12] [Server thread/INFO]: [ChainMining] Enabling ChainMining v1.0.9
[23:44:12] [Server thread/INFO]: [ChainMining] 插件启用成功，作者PuddingKC，QQ:3116078709
[23:44:12] [Server thread/INFO]: [PlayerDoll] Enabling PlayerDoll v2.3
[23:44:12] [Server thread/WARN]: [PlayerDoll] Config [Basic Config] version does not match the latest (32).
Default values will be used.
[23:44:12] [Server thread/INFO]: [PlayerDoll] Saved config [Basic Config]
[23:44:12] [Server thread/WARN]: [PlayerDoll] Config [Flag Config] version does not match the latest (32).
Default values will be used.
[23:44:12] [Server thread/INFO]: [PlayerDoll] Saved config [Flag Config]
[23:44:12] [Server thread/WARN]: [PlayerDoll] Config [Permission Config] version does not match the latest (32).
Default values will be used.
[23:44:12] [Server thread/INFO]: [PlayerDoll] Saved config [Permission Config]
[23:44:12] [Thread-11/INFO]: [PlayerDoll] Checking New Versions...
[23:44:13] [Server thread/INFO]: [PlayerDoll] Config did not assign Server Branch. Detecting...
[23:44:13] [Thread-11/WARN]: Exception in thread "Thread-11" java.lang.RuntimeException: java.net.UnknownHostException: raw.githubusercontent.com
[23:44:13] [Thread-11/WARN]: 	at PlayerDoll-Main-2.3.jar//me.autobot.playerdoll.PlayerDoll.lambda$checkUpdate$1(PlayerDoll.java:268)
[23:44:13] [Thread-11/WARN]: 	at java.base/java.lang.Thread.run(Thread.java:1570)
[23:44:13] [Thread-11/WARN]: Caused by: java.net.UnknownHostException: raw.githubusercontent.com
[23:44:13] [Thread-11/WARN]: 	at java.base/sun.nio.ch.NioSocketImpl.connect(NioSocketImpl.java:567)
[23:44:13] [Thread-11/WARN]: 	at java.base/java.net.SocksSocketImpl.connect(SocksSocketImpl.java:327)
[23:44:13] [Thread-11/WARN]: 	at java.base/java.net.Socket.connect(Socket.java:752)
[23:44:13] [Thread-11/WARN]: 	at java.base/sun.security.ssl.SSLSocketImpl.connect(SSLSocketImpl.java:304)
[23:44:13] [Thread-11/WARN]: 	at java.base/sun.security.ssl.BaseSSLSocketImpl.connect(BaseSSLSocketImpl.java:181)
[23:44:13] [Thread-11/WARN]: 	at java.base/sun.net.NetworkClient.doConnect(NetworkClient.java:183)
[23:44:13] [Thread-11/WARN]: 	at java.base/sun.net.www.http.HttpClient.openServer(HttpClient.java:531)
[23:44:13] [Thread-11/WARN]: 	at java.base/sun.net.www.http.HttpClient.openServer(HttpClient.java:636)
[23:44:13] [Thread-11/WARN]: 	at java.base/sun.net.www.protocol.https.HttpsClient.<init>(HttpsClient.java:264)
[23:44:13] [Thread-11/WARN]: 	at java.base/sun.net.www.protocol.https.HttpsClient.New(HttpsClient.java:377)
[23:44:13] [Thread-11/WARN]: 	at java.base/sun.net.www.protocol.https.AbstractDelegateHttpsURLConnection.getNewHttpClient(AbstractDelegateHttpsURLConnection.java:193)
[23:44:13] [Thread-11/WARN]: 	at java.base/sun.net.www.protocol.http.HttpURLConnection.plainConnect0(HttpURLConnection.java:1243)
[23:44:13] [Thread-11/WARN]: 	at java.base/sun.net.www.protocol.http.HttpURLConnection.plainConnect(HttpURLConnection.java:1129)
[23:44:13] [Thread-11/WARN]: 	at java.base/sun.net.www.protocol.https.AbstractDelegateHttpsURLConnection.connect(AbstractDelegateHttpsURLConnection.java:179)
[23:44:13] [Thread-11/WARN]: 	at java.base/sun.net.www.protocol.http.HttpURLConnection.getInputStream0(HttpURLConnection.java:1691)
[23:44:13] [Thread-11/WARN]: 	at java.base/sun.net.www.protocol.http.HttpURLConnection.getInputStream(HttpURLConnection.java:1615)
[23:44:13] [Thread-11/WARN]: 	at java.base/sun.net.www.protocol.https.HttpsURLConnectionImpl.getInputStream(HttpsURLConnectionImpl.java:223)
[23:44:13] [Thread-11/WARN]: 	at java.base/java.net.URL.openStream(URL.java:1325)
[23:44:13] [Thread-11/WARN]: 	at PlayerDoll-Main-2.3.jar//me.autobot.playerdoll.PlayerDoll.lambda$checkUpdate$1(PlayerDoll.java:258)
[23:44:13] [Thread-11/WARN]: 	... 1 more
[23:44:13] [Server thread/INFO]: [PlayerDoll] Server is running on PAPERSERIES
[23:44:13] [Server thread/INFO]: [PlayerDoll] Detected Server Version [1.21 (v1_21_R1)]
[23:44:13] [Server thread/ERROR]: Could not pass event CommandRegisterEvent to PlayerDoll v2.3
java.lang.NullPointerException: Argument Class does not exist.
	at java.base/java.util.Objects.requireNonNull(Objects.java:246) ~[?:?]
	at PlayerDoll-Main-2.3.jar/me.autobot.playerdoll.api.command.CommandArgUtil.getArgumentImpl(CommandArgUtil.java:28) ~[PlayerDoll-Main-2.3.jar:?]
	at PlayerDoll-Main-2.3.jar/me.autobot.playerdoll.command.BuiltinCommandBuilder.<init>(BuiltinCommandBuilder.java:47) ~[PlayerDoll-Main-2.3.jar:?]
	at PlayerDoll-Main-2.3.jar/me.autobot.playerdoll.listener.APIEventCall.onAPIRegisterCommand(APIEventCall.java:12) ~[PlayerDoll-Main-2.3.jar:?]
	at com.destroystokyo.paper.event.executor.MethodHandleEventExecutor.execute(MethodHandleEventExecutor.java:40) ~[paper-api-1.21-R0.1-SNAPSHOT.jar:?]
	at co.aikar.timings.TimedEventExecutor.execute(TimedEventExecutor.java:80) ~[paper-api-1.21-R0.1-SNAPSHOT.jar:1.21-130-b1b5d4c]
	at org.bukkit.plugin.RegisteredListener.callEvent(RegisteredListener.java:70) ~[paper-api-1.21-R0.1-SNAPSHOT.jar:?]
	at io.papermc.paper.plugin.manager.PaperEventManager.callEvent(PaperEventManager.java:54) ~[paper-1.21.jar:1.21-130-b1b5d4c]
	at io.papermc.paper.plugin.manager.PaperPluginManagerImpl.callEvent(PaperPluginManagerImpl.java:131) ~[paper-1.21.jar:1.21-130-b1b5d4c]
	at org.bukkit.plugin.SimplePluginManager.callEvent(SimplePluginManager.java:628) ~[paper-api-1.21-R0.1-SNAPSHOT.jar:?]
	at PlayerDoll-Main-2.3.jar/me.autobot.playerdoll.PlayerDoll.onEnable(PlayerDoll.java:87) ~[PlayerDoll-Main-2.3.jar:?]
	at org.bukkit.plugin.java.JavaPlugin.setEnabled(JavaPlugin.java:288) ~[paper-api-1.21-R0.1-SNAPSHOT.jar:?]
	at io.papermc.paper.plugin.manager.PaperPluginInstanceManager.enablePlugin(PaperPluginInstanceManager.java:202) ~[paper-1.21.jar:1.21-130-b1b5d4c]
	at io.papermc.paper.plugin.manager.PaperPluginManagerImpl.enablePlugin(PaperPluginManagerImpl.java:109) ~[paper-1.21.jar:1.21-130-b1b5d4c]
	at org.bukkit.plugin.SimplePluginManager.enablePlugin(SimplePluginManager.java:520) ~[paper-api-1.21-R0.1-SNAPSHOT.jar:?]
	at org.bukkit.craftbukkit.CraftServer.enablePlugin(CraftServer.java:640) ~[paper-1.21.jar:1.21-130-b1b5d4c]
	at org.bukkit.craftbukkit.CraftServer.enablePlugins(CraftServer.java:589) ~[paper-1.21.jar:1.21-130-b1b5d4c]
	at net.minecraft.server.MinecraftServer.loadWorld0(MinecraftServer.java:754) ~[paper-1.21.jar:1.21-130-b1b5d4c]
	at net.minecraft.server.MinecraftServer.loadLevel(MinecraftServer.java:516) ~[paper-1.21.jar:1.21-130-b1b5d4c]
	at net.minecraft.server.dedicated.DedicatedServer.initServer(DedicatedServer.java:329) ~[paper-1.21.jar:1.21-130-b1b5d4c]
	at net.minecraft.server.MinecraftServer.runServer(MinecraftServer.java:1215) ~[paper-1.21.jar:1.21-130-b1b5d4c]
	at net.minecraft.server.MinecraftServer.lambda$spin$0(MinecraftServer.java:330) ~[paper-1.21.jar:1.21-130-b1b5d4c]
	at java.base/java.lang.Thread.run(Thread.java:1570) ~[?:?]
[23:44:13] [Server thread/INFO]: [LevelledMobs] Enabling LevelledMobs v4.2.0.1 b93
[23:44:13] [Server thread/INFO]: [LevelledMobs] Enabling commands
[23:44:13] [Server thread/INFO]: [LevelledMobs] Building reflection cache, use simple names: true
[23:44:13] [Server thread/INFO]: [LevelledMobs] Using NMS version 1.21 for nametag support
[23:44:13] [Server thread/INFO]: [LevelledMobs] File Loader: Loading files...
[23:44:13] [Server thread/INFO]: [LevelledMobs] File Loader: Loading file 'settings.yml'...
[23:44:13] [Server thread/INFO]: [LevelledMobs] File Loader: Loading file 'messages.yml'...
[23:44:13] [Server thread/INFO]: [LevelledMobs] File Loader: Loading file 'externalplugins.yml'...
[23:44:13] [Server thread/INFO]: [LevelledMobs] File Loader: Loading file 'rules.yml'...
[23:44:14] [Server thread/INFO]: [LevelledMobs] Current rules hash: 6cd49f946ae1c18e9d4b3a480426339ede532cfb376c8698b77d72bb1fd4ea99
[23:44:14] [Server thread/INFO]: [LevelledMobs] File Loader: Loading file 'customdrops.yml'...
[23:44:14] [Server thread/INFO]: [LevelledMobs] Listeners: Registering event listeners...
[23:44:14] [Server thread/INFO]: [LevelledMobs] Running misc procedures
[23:44:14] [Server thread/INFO]: [LevelledMobs] Tasks: Starting async nametag auto update task...
[23:44:14] [Server thread/INFO]: [LevelledMobs] Start-up complete (took 1142ms)
[23:44:14] [Server thread/INFO]: [HuskHomes] Enabling HuskHomes v4.8.3
[23:44:14] [Server thread/INFO]: [HuskHomes] Registered 'on_enable' hooks
[23:44:15] [Server thread/INFO]: [HuskHomes] Successfully enabled HuskHomes v4.8.3
[23:44:15] [Server thread/INFO]: [GSit] Enabling GSit v1.13.0
[23:44:15] [Server thread/INFO]: [GSit] The plugin was successfully enabled.
[23:44:15] [Server thread/INFO]: [DuelTime] Enabling DuelTime v3.1.3
[23:44:19] [Server thread/INFO]: [spark] Starting background profiler...
[23:44:19] [Server thread/INFO]: [spark] The async-profiler engine is not supported for your os/arch (windows10/amd64), so the built-in Java engine will be used instead.
[23:44:19] [Server thread/INFO]: Done preparing level "world" (10.181s)
[23:44:19] [Server thread/INFO]: Running delayed init tasks
[23:44:19] [Server thread/WARN]: [PlayerDoll] Task #7 for PlayerDoll v2.3 generated an exception
java.lang.NullPointerException: Class Constructor cannot be Null.
	at java.base/java.util.Objects.requireNonNull(Objects.java:246) ~[?:?]
	at PlayerDoll-Main-2.3.jar/me.autobot.playerdoll.api.connection.ConnectionFetcher.setDollCustomLoginListener(ConnectionFetcher.java:65) ~[PlayerDoll-Main-2.3.jar:?]
	at PlayerDoll-Main-2.3.jar/me.autobot.playerdoll.PlayerDoll.postEnable(PlayerDoll.java:103) ~[PlayerDoll-Main-2.3.jar:?]
	at org.bukkit.craftbukkit.scheduler.CraftTask.run(CraftTask.java:86) ~[paper-1.21.jar:1.21-130-b1b5d4c]
	at org.bukkit.craftbukkit.scheduler.CraftScheduler.mainThreadHeartbeat(CraftScheduler.java:475) ~[paper-1.21.jar:1.21-130-b1b5d4c]
	at net.minecraft.server.MinecraftServer.runServer(MinecraftServer.java:1226) ~[paper-1.21.jar:1.21-130-b1b5d4c]
	at net.minecraft.server.MinecraftServer.lambda$spin$0(MinecraftServer.java:330) ~[paper-1.21.jar:1.21-130-b1b5d4c]
	at java.base/java.lang.Thread.run(Thread.java:1570) ~[?:?]
[23:44:19] [Server thread/INFO]: Done (47.230s)! For help, type "help"
[23:44:19] [Server thread/INFO]: Timings Reset
[23:44:21] [User Authenticator #0/INFO]: UUID of player mrpckannan is ad5e6c97-b59c-3ef6-9394-32deb8609c6d
[23:44:22] [Craft Scheduler Thread - 5 - LevelledMobs/WARN]: [LevelledMobs] LevelledMobs Update Checker Notice:
[23:44:22] [Craft Scheduler Thread - 5 - LevelledMobs/WARN]: [LevelledMobs] Your LevelledMobs version is outdated! Please update to v4.2.0.2 as soon as possible. (You're running v4.2.0.1)
[23:44:23] [Server thread/INFO]: mrpckannan joined the game
[23:44:23] [Server thread/INFO]: mrpckannan[/127.0.0.1:61046] logged in with entity id 88 at ([world]129.9015623253642, 91.0, 85.62713850943193)
[23:44:26] [Server thread/WARN]: Can't keep up! Is the server overloaded? Running 2502ms or 50 ticks behind
[23:44:27] [Craft Scheduler Thread - 8 - HuskHomes/INFO]: [HuskHomes] Registered 'after_load' hooks
[23:44:45] [Server thread/INFO]: mrpckannan issued server command: /gamemode creative
[23:44:45] [Server thread/INFO]: [mrpckannan: Set own game mode to Creative Mode]
[23:44:49] [Server thread/INFO]: mrpckannan issued server command: /gamemode survival
[23:44:49] [Server thread/INFO]: [mrpckannan: Set own game mode to Survival Mode]
[23:45:46] [Server thread/INFO]: mrpckannan issued server command: /mine
[23:46:47] [Server thread/INFO]: mrpckannan issued server command: /home
[23:46:55] [Server thread/INFO]: mrpckannan issued server command: /homelist
[23:48:36] [Server thread/INFO]: mrpckannan issued server command: /sethome
[23:48:43] [Server thread/INFO]: mrpckannan issued server command: /homelist
[23:49:13] [Server thread/INFO]: mrpckannan issued server command: /huskhomes:edithome mrpckannan.home
[23:49:31] [Server thread/INFO]: mrpckannan issued server command: /huskhomes:edithome mrpckannan.home rename 本营
[23:50:02] [Server thread/INFO]: mrpckannan issued server command: /huskhomes:delhome mrpckannan.home
[23:50:34] [Server thread/INFO]: mrpckannan issued server command: /sethome
[23:50:46] [Server thread/INFO]: mrpckannan issued server command: /edithome
[23:51:00] [Server thread/INFO]: mrpckannan issued server command: /hom
[23:51:04] [Server thread/INFO]: mrpckannan issued server command: /homelist
[23:51:10] [Server thread/INFO]: mrpckannan issued server command: /huskhomes:edithome mrpckannan.home
[23:52:17] [Server thread/INFO]: mrpckannan issued server command: /huskhomes:edithome mrpckannan.home rename base_camp
[23:52:23] [Server thread/INFO]: mrpckannan issued server command: /home
[23:52:27] [Server thread/INFO]: mrpckannan issued server command: /homelist
[23:52:30] [Server thread/INFO]: mrpckannan issued server command: /huskhomes:edithome mrpckannan.base_camp
[23:52:32] [Server thread/INFO]: mrpckannan issued server command: /huskhomes:home mrpckannan.base_camp
[23:52:48] [Server thread/INFO]: mrpckannan lost connection: Disconnected
[23:52:48] [Server thread/INFO]: mrpckannan left the game
[23:52:54] [Server thread/INFO]: Stopping server
[23:52:54] [Server thread/INFO]: [DuelTime] Disabling DuelTime v3.1.3
[23:52:54] [Server thread/INFO]: [GSit] Disabling GSit v1.13.0
[23:52:54] [Server thread/INFO]: [GSit] The plugin was successfully disabled.
[23:52:54] [Server thread/INFO]: [HuskHomes] Disabling HuskHomes v4.8.3
[23:52:54] [Server thread/INFO]: [HuskHomes] Disabling HuskHomes v4.8.3...
[23:52:54] [Server thread/INFO]: [HuskHomes] Successfully disabled HuskHomes v4.8.3
[23:52:54] [Server thread/INFO]: [LevelledMobs] Disabling LevelledMobs v4.2.0.1 b93
[23:52:54] [Server thread/INFO]: [LevelledMobs] Unregistering commands
[23:52:54] [Server thread/INFO]: [LevelledMobs] Tasks: Shutting down other async tasks...
[23:52:54] [Server thread/INFO]: [LevelledMobs] Shut-down complete (took 3ms)
[23:52:54] [Server thread/INFO]: [LuckPerms] Disabling LuckPerms v5.4.152
[23:52:54] [Server thread/INFO]: [LuckPerms] Starting shutdown process...
[23:52:54] [Craft Scheduler Thread - 1 - LevelledMobs/INFO]: [LevelledMobs] Nametag update queue Manager has exited
[23:52:54] [Craft Scheduler Thread - 0 - LevelledMobs/INFO]: [LevelledMobs] Mob processing queue Manager has exited
[23:52:54] [Server thread/INFO]: [LuckPerms] Closing storage...
[23:52:54] [Server thread/INFO]: [LuckPerms] Goodbye!
[23:52:54] [Server thread/INFO]: [PlayerDoll] Disabling PlayerDoll v2.3
[23:52:56] [Server thread/INFO]: [SkinsRestorer] Disabling SkinsRestorer v15.5.1
[23:52:56] [Server thread/INFO]: [ChainMining] Disabling ChainMining v1.0.9
[23:52:56] [Server thread/INFO]: Saving players
[23:52:56] [Server thread/INFO]: Saving worlds
[23:52:56] [Server thread/INFO]: Saving chunks for level 'ServerLevel[world]'/minecraft:overworld
[23:52:56] [Server thread/INFO]: [ChunkHolderManager] Waiting 60s for chunk system to halt for world 'world'
[23:52:56] [Server thread/INFO]: [ChunkHolderManager] Halted chunk system for world 'world'
[23:52:56] [Server thread/INFO]: [ChunkHolderManager] Saving all chunkholders for world 'world'
[23:52:57] [Server thread/INFO]: [ChunkHolderManager] Saved 98 block chunks, 194 entity chunks, 0 poi chunks in world 'world' in 0.40s
[23:52:57] [Server thread/INFO]: Saving chunks for level 'ServerLevel[world_nether]'/minecraft:the_nether
[23:52:57] [Server thread/INFO]: [ChunkHolderManager] Waiting 60s for chunk system to halt for world 'world_nether'
[23:52:57] [Server thread/INFO]: [ChunkHolderManager] Halted chunk system for world 'world_nether'
[23:52:57] [Server thread/INFO]: [ChunkHolderManager] Saving all chunkholders for world 'world_nether'
[23:52:57] [Server thread/INFO]: [ChunkHolderManager] Saved 1 block chunks, 6 entity chunks, 0 poi chunks in world 'world_nether' in 0.05s
[23:52:57] [Server thread/INFO]: Saving chunks for level 'ServerLevel[world_the_end]'/minecraft:the_end
[23:52:57] [Server thread/INFO]: [ChunkHolderManager] Waiting 60s for chunk system to halt for world 'world_the_end'
[23:52:57] [Server thread/INFO]: [ChunkHolderManager] Halted chunk system for world 'world_the_end'
[23:52:57] [Server thread/INFO]: [ChunkHolderManager] Saving all chunkholders for world 'world_the_end'
[23:52:57] [Server thread/INFO]: [ChunkHolderManager] Saved 29 block chunks, 35 entity chunks, 0 poi chunks in world 'world_the_end' in 0.05s
[23:52:57] [Server thread/INFO]: ThreadedAnvilChunkStorage (world): All chunks are saved
[23:52:57] [Server thread/INFO]: ThreadedAnvilChunkStorage (DIM-1): All chunks are saved
[23:52:57] [Server thread/INFO]: ThreadedAnvilChunkStorage (DIM1): All chunks are saved
[23:52:57] [Server thread/INFO]: ThreadedAnvilChunkStorage: All dimensions are saved
